{"name": "test_66_invalid_bank_transfer_String_in_the_acount_number", "status": "failed", "statusDetails": {"message": "AssertionError: assert False == True\n +  where False = <built-in method isnumeric of str object at 0x0000024750E2AB50>()\n +    where <built-in method isnumeric of str object at 0x0000024750E2AB50> = 'helloשלום'.isnumeric", "trace": "self = <tests.test_checkout_process.TestTORADO object at 0x00000247509E4ED0>\nsetUp = <selenium.webdriver.chrome.webdriver.WebDriver (session=\"c48be26c91997cb515ad242140bb3e0b\")>\n\n    @allure.title(\"test_66_invalid_bank_transfer_String_in_the_acount_number\")\n    def test_66_invalid_bank_transfer_String_in_the_acount_number(self, setUp):\n        self.login_page.click_connection_btn()\n        self.login_page.valid_phone()\n        self.login_page.login_btn()\n        self.login_page.valid_code_and_login()\n        self.products_page.click_product_1_btn()\n        self.products_page.click_add_product_1()\n        self.checkout_process_page.click_payment_btn()\n        self.checkout_process_page.click_checkout_btn()\n        self.checkout_process_page.click_bank_transfer_btn()\n        self.checkout_process_page.valid_branch()\n        self.checkout_process_page.invalid_acount_number()\n        acount_number = self.checkout_process_page.acount_number().get_attribute(\"value\")\n>       assert acount_number.isnumeric() == True\nE       AssertionError: assert False == True\nE        +  where False = <built-in method isnumeric of str object at 0x0000024750E2AB50>()\nE        +    where <built-in method isnumeric of str object at 0x0000024750E2AB50> = 'helloשלום'.isnumeric\n\ntests\\test_checkout_process.py:53: AssertionError"}, "attachments": [{"name": "stdout", "source": "8902aa7d-deb1-4eec-bf25-dc3784a83af5-attachment.txt", "type": "text/plain"}], "start": 1680453237613, "stop": 1680453261081, "uuid": "9d898ea9-389c-4d45-a01c-c20f8dc61386", "historyId": "56cd7d747a92121f0947163ee6c83085", "testCaseId": "260a1008e6ba6208fb10d9b7ef28d268", "fullName": "tests.test_checkout_process.TestTORADO#test_66_invalid_bank_transfer_String_in_the_acount_number", "labels": [{"name": "parentSuite", "value": "tests"}, {"name": "suite", "value": "test_checkout_process"}, {"name": "subSuite", "value": "TestTORADO"}, {"name": "host", "value": "LAPTOP-FNNFR7ER"}, {"name": "thread", "value": "27232-MainThread"}, {"name": "framework", "value": "pytest"}, {"name": "language", "value": "cpython3"}, {"name": "package", "value": "tests.test_checkout_process"}]}