{"name": "test_67_invalid_bank_transfer_String_in_the_branch", "status": "failed", "statusDetails": {"message": "AssertionError: assert False == True\n +  where False = <built-in method isnumeric of str object at 0x0000024750E8DA70>()\n +    where <built-in method isnumeric of str object at 0x0000024750E8DA70> = 'aaa'.isnumeric", "trace": "self = <tests.test_checkout_process.TestTORADO object at 0x00000247509E5610>\nsetUp = <selenium.webdriver.chrome.webdriver.WebDriver (session=\"3c38feb1a5d41bafe32a588eec093851\")>\n\n    @allure.title(\"test_67_invalid_bank_transfer_String_in_the_branch\")\n    def test_67_invalid_bank_transfer_String_in_the_branch(self, setUp):\n        self.login_page.click_connection_btn()\n        self.login_page.valid_phone()\n        self.login_page.login_btn()\n        self.login_page.valid_code_and_login()\n        self.products_page.click_product_1_btn()\n        self.products_page.click_add_product_1()\n        self.checkout_process_page.click_payment_btn()\n        self.checkout_process_page.click_checkout_btn()\n        self.checkout_process_page.click_bank_transfer_btn()\n        self.checkout_process_page.valid_acount_number()\n        self.checkout_process_page.invalid_branch()\n        branch = self.checkout_process_page.branch().get_attribute(\"value\")\n>       assert branch.isnumeric() == True\nE       AssertionError: assert False == True\nE        +  where False = <built-in method isnumeric of str object at 0x0000024750E8DA70>()\nE        +    where <built-in method isnumeric of str object at 0x0000024750E8DA70> = 'aaa'.isnumeric\n\ntests\\test_checkout_process.py:69: AssertionError"}, "attachments": [{"name": "stdout", "source": "acf6d111-03c1-400b-9cd8-19c560a50de5-attachment.txt", "type": "text/plain"}], "start": 1680453269222, "stop": 1680453292619, "uuid": "2f49d5f8-5bce-495b-afe9-f604a7f5e853", "historyId": "df1af2c2f0067478ab0bb6004d35d542", "testCaseId": "6e723cca599dd29068a232917fe74eb3", "fullName": "tests.test_checkout_process.TestTORADO#test_67_invalid_bank_transfer_String_in_the_branch", "labels": [{"name": "parentSuite", "value": "tests"}, {"name": "suite", "value": "test_checkout_process"}, {"name": "subSuite", "value": "TestTORADO"}, {"name": "host", "value": "LAPTOP-FNNFR7ER"}, {"name": "thread", "value": "27232-MainThread"}, {"name": "framework", "value": "pytest"}, {"name": "language", "value": "cpython3"}, {"name": "package", "value": "tests.test_checkout_process"}]}