{"name": "test_68_valid_Payment_by_credit", "status": "broken", "statusDetails": {"message": "selenium.common.exceptions.TimeoutException: Message:", "trace": "self = <tests.test_checkout_process.TestTORADO object at 0x00000247509E5D10>\nsetUp = <selenium.webdriver.chrome.webdriver.WebDriver (session=\"526cb3452115539586f3c61aa901f61c\")>\n\n    @allure.title(\"test_68_valid_Payment_by_credit\")\n    def test_68_valid_Payment_by_credit(self, setUp):\n        self.login_page.click_connection_btn()\n        self.login_page.valid_phone()\n        self.login_page.login_btn()\n        self.login_page.valid_code_and_login()\n        self.products_page.click_product_1_btn()\n        self.products_page.click_add_product_1()\n        self.checkout_process_page.click_payment_btn()\n        self.checkout_process_page.click_checkout_btn()\n        self.checkout_process_page.click_credit_card_btn()\n        self.driver.switch_to.frame(\"yaadFrame\")\n        self.checkout_process_page.valid_credit_and_pay()\n>       assert self.checkout_process_page.error_message_not_display()\n\ntests\\test_checkout_process.py:84: \n_ _ _ _ _ _ _ _ _ _ _ _ _ _ _ _ _ _ _ _ _ _ _ _ _ _ _ _ _ _ _ _ _ _ _ _ _ _ _ _ _ _ _ _ _ _ _ _ _ _ _ _ _ _ _ _ _ _ _ _ _ _ _ _ _ _ _ _ _ _ _ _ _ _ _ \nsrc\\pages\\checkout_process_page.py:128: in error_message_not_display\n    x= WebDriverWait(self.driver, 5).until(\n_ _ _ _ _ _ _ _ _ _ _ _ _ _ _ _ _ _ _ _ _ _ _ _ _ _ _ _ _ _ _ _ _ _ _ _ _ _ _ _ _ _ _ _ _ _ _ _ _ _ _ _ _ _ _ _ _ _ _ _ _ _ _ _ _ _ _ _ _ _ _ _ _ _ _ \n\nself = <selenium.webdriver.support.wait.WebDriverWait (session=\"526cb3452115539586f3c61aa901f61c\")>\nmethod = <function invisibility_of_element_located.<locals>._predicate at 0x000002474D5C1B20>, message = ''\n\n    def until(self, method, message: str = \"\"):\n        \"\"\"Calls the method provided with the driver as an argument until the \\\n        return value does not evaluate to ``False``.\n    \n        :param method: callable(WebDriver)\n        :param message: optional message for :exc:`TimeoutException`\n        :returns: the result of the last call to `method`\n        :raises: :exc:`selenium.common.exceptions.TimeoutException` if timeout occurs\n        \"\"\"\n        screen = None\n        stacktrace = None\n    \n        end_time = time.monotonic() + self._timeout\n        while True:\n            try:\n                value = method(self._driver)\n                if value:\n                    return value\n            except self._ignored_exceptions as exc:\n                screen = getattr(exc, \"screen\", None)\n                stacktrace = getattr(exc, \"stacktrace\", None)\n            time.sleep(self._poll)\n            if time.monotonic() > end_time:\n                break\n>       raise TimeoutException(message, screen, stacktrace)\nE       selenium.common.exceptions.TimeoutException: Message:\n\nvenv\\Lib\\site-packages\\selenium\\webdriver\\support\\wait.py:95: TimeoutException"}, "attachments": [{"name": "stdout", "source": "95e8d017-0e88-45c8-8a2d-7bcbbc4eafc8-attachment.txt", "type": "text/plain"}], "start": 1680453301291, "stop": 1680453335355, "uuid": "c96cab16-ddd8-41fc-ac8e-508ad24c5ebe", "historyId": "b5607b23854415b905d1e4913cea6560", "testCaseId": "3b1fec2faeb9440c5820790793663d90", "fullName": "tests.test_checkout_process.TestTORADO#test_68_valid_Payment_by_credit", "labels": [{"name": "parentSuite", "value": "tests"}, {"name": "suite", "value": "test_checkout_process"}, {"name": "subSuite", "value": "TestTORADO"}, {"name": "host", "value": "LAPTOP-FNNFR7ER"}, {"name": "thread", "value": "27232-MainThread"}, {"name": "framework", "value": "pytest"}, {"name": "language", "value": "cpython3"}, {"name": "package", "value": "tests.test_checkout_process"}]}