{"name": "test_64_valid_bank_transfer", "status": "broken", "statusDetails": {"message": "selenium.common.exceptions.TimeoutException: Message: \nStacktrace:\nBacktrace:\n\t(No symbol) [0x008A37D3]\n\t(No symbol) [0x00838B81]\n\t(No symbol) [0x0073B36D]\n\t(No symbol) [0x0076D382]\n\t(No symbol) [0x0076D4BB]\n\t(No symbol) [0x007A3302]\n\t(No symbol) [0x0078B464]\n\t(No symbol) [0x007A1215]\n\t(No symbol) [0x0078B216]\n\t(No symbol) [0x00760D97]\n\t(No symbol) [0x0076253D]\n\tGetHandleVerifier [0x00B1ABF2+2510930]\n\tGetHandleVerifier [0x00B48EC1+2700065]\n\tGetHandleVerifier [0x00B4C86C+2714828]\n\tGetHandleVerifier [0x00953480+645344]\n\t(No symbol) [0x00840FD2]\n\t(No symbol) [0x00846C68]\n\t(No symbol) [0x00846D4B]\n\t(No symbol) [0x00850D6B]\n\tBaseThreadInitThunk [0x75427D69+25]\n\tRtlInitializeExceptionChain [0x776EB74B+107]\n\tRtlClearBits [0x776EB6CF+191]", "trace": "self = <tests.test_checkout_process.TestTORADO object at 0x000001F0E4952210>\nsetUp = <selenium.webdriver.chrome.webdriver.WebDriver (session=\"420422a5e2c4c9fe2b328528232814a6\")>\n\n    @allure.title(\"test_64_valid_bank_transfer\")\n    def test_64_valid_bank_transfer(self, setUp):\n        self.login_page.click_connection_btn()\n        self.login_page.valid_phone()\n        self.login_page.login_btn()\n        self.login_page.valid_code_and_login()\n        self.products_page.click_product_1_btn()\n        self.products_page.click_add_product_1()\n        self.checkout_process_page.click_payment_btn()\n        self.checkout_process_page.click_checkout_btn()\n>       self.checkout_process_page.click_bank_transfer_btn()\n\ntests\\test_checkout_process.py:19: \n_ _ _ _ _ _ _ _ _ _ _ _ _ _ _ _ _ _ _ _ _ _ _ _ _ _ _ _ _ _ _ _ _ _ _ _ _ _ _ _ _ _ _ _ _ _ _ _ _ _ _ _ _ _ _ _ _ _ _ _ _ _ _ _ _ _ _ _ _ _ _ _ _ _ _ \nsrc\\pages\\checkout_process_page.py:27: in click_bank_transfer_btn\n    WebDriverWait(self.driver, 5).until(\n_ _ _ _ _ _ _ _ _ _ _ _ _ _ _ _ _ _ _ _ _ _ _ _ _ _ _ _ _ _ _ _ _ _ _ _ _ _ _ _ _ _ _ _ _ _ _ _ _ _ _ _ _ _ _ _ _ _ _ _ _ _ _ _ _ _ _ _ _ _ _ _ _ _ _ \n\nself = <selenium.webdriver.support.wait.WebDriverWait (session=\"420422a5e2c4c9fe2b328528232814a6\")>\nmethod = <function visibility_of_element_located.<locals>._predicate at 0x000001F0E4DBFC40>, message = ''\n\n    def until(self, method, message: str = \"\"):\n        \"\"\"Calls the method provided with the driver as an argument until the \\\n        return value does not evaluate to ``False``.\n    \n        :param method: callable(WebDriver)\n        :param message: optional message for :exc:`TimeoutException`\n        :returns: the result of the last call to `method`\n        :raises: :exc:`selenium.common.exceptions.TimeoutException` if timeout occurs\n        \"\"\"\n        screen = None\n        stacktrace = None\n    \n        end_time = time.monotonic() + self._timeout\n        while True:\n            try:\n                value = method(self._driver)\n                if value:\n                    return value\n            except self._ignored_exceptions as exc:\n                screen = getattr(exc, \"screen\", None)\n                stacktrace = getattr(exc, \"stacktrace\", None)\n            time.sleep(self._poll)\n            if time.monotonic() > end_time:\n                break\n>       raise TimeoutException(message, screen, stacktrace)\nE       selenium.common.exceptions.TimeoutException: Message: \nE       Stacktrace:\nE       Backtrace:\nE       \t(No symbol) [0x008A37D3]\nE       \t(No symbol) [0x00838B81]\nE       \t(No symbol) [0x0073B36D]\nE       \t(No symbol) [0x0076D382]\nE       \t(No symbol) [0x0076D4BB]\nE       \t(No symbol) [0x007A3302]\nE       \t(No symbol) [0x0078B464]\nE       \t(No symbol) [0x007A1215]\nE       \t(No symbol) [0x0078B216]\nE       \t(No symbol) [0x00760D97]\nE       \t(No symbol) [0x0076253D]\nE       \tGetHandleVerifier [0x00B1ABF2+2510930]\nE       \tGetHandleVerifier [0x00B48EC1+2700065]\nE       \tGetHandleVerifier [0x00B4C86C+2714828]\nE       \tGetHandleVerifier [0x00953480+645344]\nE       \t(No symbol) [0x00840FD2]\nE       \t(No symbol) [0x00846C68]\nE       \t(No symbol) [0x00846D4B]\nE       \t(No symbol) [0x00850D6B]\nE       \tBaseThreadInitThunk [0x75427D69+25]\nE       \tRtlInitializeExceptionChain [0x776EB74B+107]\nE       \tRtlClearBits [0x776EB6CF+191]\n\nvenv\\Lib\\site-packages\\selenium\\webdriver\\support\\wait.py:95: TimeoutException"}, "attachments": [{"name": "stdout", "source": "cab7a875-7cd5-454f-8b1e-37cb08273460-attachment.txt", "type": "text/plain"}], "start": 1680452491754, "stop": 1680452514440, "uuid": "44dc6e19-b0ed-49f0-af7e-c041218998c8", "historyId": "62b24fcc0f64a38a2e030140e69f63c4", "testCaseId": "bd9d2e197c4e2ffd82ca7de807942cb9", "fullName": "tests.test_checkout_process.TestTORADO#test_64_valid_bank_transfer", "labels": [{"name": "parentSuite", "value": "tests"}, {"name": "suite", "value": "test_checkout_process"}, {"name": "subSuite", "value": "TestTORADO"}, {"name": "host", "value": "LAPTOP-FNNFR7ER"}, {"name": "thread", "value": "20468-MainThread"}, {"name": "framework", "value": "pytest"}, {"name": "language", "value": "cpython3"}, {"name": "package", "value": "tests.test_checkout_process"}]}