{"name": "test_49_valid_login_Twitter", "status": "failed", "statusDetails": {"message": "AssertionError: assert 'about:blank' != 'about:blank'\n +  where 'about:blank' = <selenium.webdriver.chrome.webdriver.WebDriver (session=\"9238509b91695d4a915de9ea42e52125\")>.current_url\n +    where <selenium.webdriver.chrome.webdriver.WebDriver (session=\"9238509b91695d4a915de9ea42e52125\")> = <tests.test_login.TestTORADO object at 0x0000024ABA614990>.driver", "trace": "self = <tests.test_login.TestTORADO object at 0x0000024ABA614990>\nsetUp = <selenium.webdriver.chrome.webdriver.WebDriver (session=\"9238509b91695d4a915de9ea42e52125\")>\n\n    @allure.title(\"test_49_valid_login_Twitter\")\n    def test_49_valid_login_Twitter(self, setUp):\n        self.login_page.click_connection_btn()\n        self.login_page.click_Twitter()\n        self.driver.switch_to.window(self.driver.window_handles[1])\n>       assert self.driver.current_url != \"about:blank\"\nE       assert 'about:blank' != 'about:blank'\nE        +  where 'about:blank' = <selenium.webdriver.chrome.webdriver.WebDriver (session=\"9238509b91695d4a915de9ea42e52125\")>.current_url\nE        +    where <selenium.webdriver.chrome.webdriver.WebDriver (session=\"9238509b91695d4a915de9ea42e52125\")> = <tests.test_login.TestTORADO object at 0x0000024ABA614990>.driver\n\ntests\\test_login.py:21: AssertionError"}, "start": 1680451972549, "stop": 1680451976775, "uuid": "0df2c74b-ec94-49d5-9d9f-53cb2ef701a7", "historyId": "418d35bc1d108a54d61d84e35a2aa298", "testCaseId": "d0e07d1431178cf0a4bacf378782a3c3", "fullName": "tests.test_login.TestTORADO#test_49_valid_login_Twitter", "labels": [{"name": "parentSuite", "value": "tests"}, {"name": "suite", "value": "test_login"}, {"name": "subSuite", "value": "TestTORADO"}, {"name": "host", "value": "LAPTOP-FNNFR7ER"}, {"name": "thread", "value": "24152-MainThread"}, {"name": "framework", "value": "pytest"}, {"name": "language", "value": "cpython3"}, {"name": "package", "value": "tests.test_login"}]}